<?xml version="1.0" encoding="UTF-8"?>
<!-- Generated by org.testng.reporters.JUnitReportReporter -->
<testsuite skipped="0" hostname="Mahmuduls-MacBook-Pro-2.local" name="Tests.test1" tests="1" failures="0" timestamp="2019-10-08T01:28:55 EDT" time="12.559" errors="0">
  <testcase name="openBrowser" time="12.559" classname="Tests.test1"/>
</testsuite> <!-- Tests.test1 -->
